<?xml version="1.0" encoding="UTF-8"?>
<testsuite xmlns:xsi="http://www.w3.org/2001/XMLSchema-instance" xsi:noNamespaceSchemaLocation="https://maven.apache.org/surefire/maven-surefire-plugin/xsd/surefire-test-report-3.0.xsd" version="3.0" name="TestSuite" time="48.223" tests="4" errors="0" skipped="0" failures="4">
  <properties>
[...]
</properties>
  <testcase name="verifyHomePageTitle" classname="org.demoWebShop.testscripts.HomePageTest" time="0.516">
    <failure message="org.apache.xmlbeans.XmlOptions.setUseDefaultNamespace(Z)Lorg/apache/xmlbeans/XmlOptions;" type="java.lang.NoSuchMethodError"><![CDATA[java.lang.NoSuchMethodError: org.apache.xmlbeans.XmlOptions.setUseDefaultNamespace(Z)Lorg/apache/xmlbeans/XmlOptions;
	at org.demoWebShop.testscripts.HomePageTest.verifyHomePageTitle(HomePageTest.java:23)
]]></failure>
    <system-out><![CDATA[Directory: D:\Beuna\Automation\Obsqura\demoWebShop-main (1)\demoWebShop-main\TestReport is created!
ExtentReport Path for WINDOWS: D:\Beuna\Automation\Obsqura\demoWebShop-main (1)\demoWebShop-main\TestReport

Directory already exists: D:\Beuna\Automation\Obsqura\demoWebShop-main (1)\demoWebShop-main\TestReport
ExtentReport Path for WINDOWS: D:\Beuna\Automation\Obsqura\demoWebShop-main (1)\demoWebShop-main\TestReport

Extent Reports Version 3 Test Suite started!
verifyHomePageTitle started!
]]></system-out>
    <system-err><![CDATA[SLF4J: Failed to load class "org.slf4j.impl.StaticLoggerBinder".
SLF4J: Defaulting to no-operation (NOP) logger implementation
SLF4J: See http://www.slf4j.org/codes.html#StaticLoggerBinder for further details.
Starting ChromeDriver 98.0.4758.102 (273bf7ac8c909cde36982d27f66f3c70846a3718-refs/branch-heads/4758@{#1151}) on port 54918
Only local connections are allowed.
Please see https://chromedriver.chromium.org/security-considerations for suggestions on keeping ChromeDriver safe.
ChromeDriver was started successfully.
Feb 20, 2022 9:38:01 PM org.openqa.selenium.remote.ProtocolHandshake createSession
INFO: Detected dialect: W3C
Feb 20, 2022 9:38:01 PM org.openqa.selenium.devtools.CdpVersionFinder findNearestMatch
WARNING: Unable to find an exact match for CDP version 98, so returning the closest version found: 96
Feb 20, 2022 9:38:01 PM org.openqa.selenium.devtools.CdpVersionFinder findNearestMatch
INFO: Found CDP implementation for version 98 of 96
]]></system-err>
  </testcase>
  <testcase name="verifyValidLogin" classname="org.demoWebShop.testscripts.LoginPageTest" time="0.962">
    <failure message="Could not initialize class org.apache.poi.xssf.model.SharedStringsTable" type="java.lang.NoClassDefFoundError"><![CDATA[java.lang.NoClassDefFoundError: Could not initialize class org.apache.poi.xssf.model.SharedStringsTable
	at org.demoWebShop.testscripts.LoginPageTest.verifyValidLogin(LoginPageTest.java:27)
]]></failure>
    <system-out><![CDATA[verifyHomePageTitle failed!
verifyValidLogin started!
]]></system-out>
    <system-err><![CDATA[Starting ChromeDriver 98.0.4758.102 (273bf7ac8c909cde36982d27f66f3c70846a3718-refs/branch-heads/4758@{#1151}) on port 49763
Only local connections are allowed.
Please see https://chromedriver.chromium.org/security-considerations for suggestions on keeping ChromeDriver safe.
ChromeDriver was started successfully.
Feb 20, 2022 9:38:18 PM org.openqa.selenium.remote.ProtocolHandshake createSession
INFO: Detected dialect: W3C
Feb 20, 2022 9:38:18 PM org.openqa.selenium.devtools.CdpVersionFinder findNearestMatch
WARNING: Unable to find an exact match for CDP version 98, so returning the closest version found: 96
Feb 20, 2022 9:38:18 PM org.openqa.selenium.devtools.CdpVersionFinder findNearestMatch
INFO: Found CDP implementation for version 98 of 96
]]></system-err>
  </testcase>
  <testcase name="verifyRegistration" classname="org.demoWebShop.testscripts.RegisterPageTest" time="0.623">
    <failure message="Could not initialize class org.apache.poi.xssf.model.SharedStringsTable" type="java.lang.NoClassDefFoundError"><![CDATA[java.lang.NoClassDefFoundError: Could not initialize class org.apache.poi.xssf.model.SharedStringsTable
	at org.demoWebShop.testscripts.RegisterPageTest.verifyRegistration(RegisterPageTest.java:31)
]]></failure>
    <system-out><![CDATA[verifyValidLogin failed!
verifyRegistration started!
]]></system-out>
    <system-err><![CDATA[Starting ChromeDriver 98.0.4758.102 (273bf7ac8c909cde36982d27f66f3c70846a3718-refs/branch-heads/4758@{#1151}) on port 55826
Only local connections are allowed.
Please see https://chromedriver.chromium.org/security-considerations for suggestions on keeping ChromeDriver safe.
ChromeDriver was started successfully.
Feb 20, 2022 9:38:29 PM org.openqa.selenium.remote.ProtocolHandshake createSession
INFO: Detected dialect: W3C
Feb 20, 2022 9:38:29 PM org.openqa.selenium.devtools.CdpVersionFinder findNearestMatch
WARNING: Unable to find an exact match for CDP version 98, so returning the closest version found: 96
Feb 20, 2022 9:38:29 PM org.openqa.selenium.devtools.CdpVersionFinder findNearestMatch
INFO: Found CDP implementation for version 98 of 96
]]></system-err>
  </testcase>
  <testcase name="verifyProductAddedInShoppingCart" classname="org.demoWebShop.testscripts.ShoppingCartTest" time="0">
    <failure message="Could not initialize class org.apache.poi.xssf.model.SharedStringsTable" type="java.lang.NoClassDefFoundError"><![CDATA[java.lang.NoClassDefFoundError: Could not initialize class org.apache.poi.xssf.model.SharedStringsTable
	at org.demoWebShop.testscripts.ShoppingCartTest.verifyProductAddedInShoppingCart(ShoppingCartTest.java:24)
]]></failure>
    <system-out><![CDATA[verifyRegistration failed!
verifyProductAddedInShoppingCart started!
]]></system-out>
    <system-err><![CDATA[Starting ChromeDriver 98.0.4758.102 (273bf7ac8c909cde36982d27f66f3c70846a3718-refs/branch-heads/4758@{#1151}) on port 53068
Only local connections are allowed.
Please see https://chromedriver.chromium.org/security-considerations for suggestions on keeping ChromeDriver safe.
ChromeDriver was started successfully.
Feb 20, 2022 9:38:37 PM org.openqa.selenium.remote.ProtocolHandshake createSession
INFO: Detected dialect: W3C
Feb 20, 2022 9:38:37 PM org.openqa.selenium.devtools.CdpVersionFinder findNearestMatch
WARNING: Unable to find an exact match for CDP version 98, so returning the closest version found: 96
Feb 20, 2022 9:38:37 PM org.openqa.selenium.devtools.CdpVersionFinder findNearestMatch
INFO: Found CDP implementation for version 98 of 96
]]></system-err>
  </testcase>
</testsuite>