<?xml version="1.0" encoding="UTF-8"?>
<!-- Generated by org.testng.reporters.JUnitXMLReporter -->
<testsuite ignored="3" hostname="BEUNA-PC" failures="4" tests="4" name="MyDemoWebShop Functional Test" time="47.129" errors="0" timestamp="2022-02-20T21:38:44 IST">
  <testcase classname="org.demoWebShop.testscripts.HomePageTest" name="verifyHomePageTitle" time="0.543">
    <failure type="java.lang.NoSuchMethodError" message="org.apache.xmlbeans.XmlOptions.setUseDefaultNamespace(Z)Lorg/apache/xmlbeans/XmlOptions;">
      <![CDATA[java.lang.NoSuchMethodError: org.apache.xmlbeans.XmlOptions.setUseDefaultNamespace(Z)Lorg/apache/xmlbeans/XmlOptions;
at org.apache.poi.xssf.model.SharedStringsTable.<clinit>(SharedStringsTable.java:96)
at org.apache.poi.ooxml.POIXMLFactory.createDocumentPart(POIXMLFactory.java:61)
at org.apache.poi.ooxml.POIXMLDocumentPart.read(POIXMLDocumentPart.java:660)
at org.apache.poi.ooxml.POIXMLDocument.load(POIXMLDocument.java:165)
at org.apache.poi.xssf.usermodel.XSSFWorkbook.<init>(XSSFWorkbook.java:278)
at org.apache.poi.xssf.usermodel.XSSFWorkbook.<init>(XSSFWorkbook.java:299)
at org.demoWebShop.utilities.ExcelUtility.readDataFromExcel(ExcelUtility.java:29)
at org.demoWebShop.testscripts.HomePageTest.verifyHomePageTitle(HomePageTest.java:23)
at java.base/java.util.ArrayList.forEach(ArrayList.java:1541)
... Removed 31 stack frames]]>
    </failure>
  </testcase> <!-- verifyHomePageTitle -->
  <testcase classname="org.demoWebShop.testscripts.LoginPageTest" name="verifyValidLogin" time="0.992">
    <failure type="java.lang.NoClassDefFoundError" message="Could not initialize class org.apache.poi.xssf.model.SharedStringsTable">
      <![CDATA[java.lang.NoClassDefFoundError: Could not initialize class org.apache.poi.xssf.model.SharedStringsTable
at org.apache.poi.ooxml.POIXMLFactory.createDocumentPart(POIXMLFactory.java:61)
at org.apache.poi.ooxml.POIXMLDocumentPart.read(POIXMLDocumentPart.java:660)
at org.apache.poi.ooxml.POIXMLDocument.load(POIXMLDocument.java:165)
at org.apache.poi.xssf.usermodel.XSSFWorkbook.<init>(XSSFWorkbook.java:278)
at org.apache.poi.xssf.usermodel.XSSFWorkbook.<init>(XSSFWorkbook.java:299)
at org.demoWebShop.utilities.ExcelUtility.excelDataReader(ExcelUtility.java:54)
at org.demoWebShop.testscripts.LoginPageTest.verifyValidLogin(LoginPageTest.java:27)
at java.base/java.util.ArrayList.forEach(ArrayList.java:1541)
... Removed 31 stack frames]]>
    </failure>
  </testcase> <!-- verifyValidLogin -->
  <testcase classname="org.demoWebShop.testscripts.RegisterPageTest" name="verifyRegistration" time="0.661">
    <failure type="java.lang.NoClassDefFoundError" message="Could not initialize class org.apache.poi.xssf.model.SharedStringsTable">
      <![CDATA[java.lang.NoClassDefFoundError: Could not initialize class org.apache.poi.xssf.model.SharedStringsTable
at org.apache.poi.ooxml.POIXMLFactory.createDocumentPart(POIXMLFactory.java:61)
at org.apache.poi.ooxml.POIXMLDocumentPart.read(POIXMLDocumentPart.java:660)
at org.apache.poi.ooxml.POIXMLDocument.load(POIXMLDocument.java:165)
at org.apache.poi.xssf.usermodel.XSSFWorkbook.<init>(XSSFWorkbook.java:278)
at org.apache.poi.xssf.usermodel.XSSFWorkbook.<init>(XSSFWorkbook.java:299)
at org.demoWebShop.utilities.ExcelUtility.excelDataReader(ExcelUtility.java:54)
at org.demoWebShop.testscripts.RegisterPageTest.verifyRegistration(RegisterPageTest.java:31)
at java.base/java.util.ArrayList.forEach(ArrayList.java:1541)
... Removed 31 stack frames]]>
    </failure>
  </testcase> <!-- verifyRegistration -->
  <testcase classname="org.demoWebShop.testscripts.ShoppingCartTest" name="verifyProductAddedInShoppingCart" time="0.02">
    <failure type="java.lang.NoClassDefFoundError" message="Could not initialize class org.apache.poi.xssf.model.SharedStringsTable">
      <![CDATA[java.lang.NoClassDefFoundError: Could not initialize class org.apache.poi.xssf.model.SharedStringsTable
at org.apache.poi.ooxml.POIXMLFactory.createDocumentPart(POIXMLFactory.java:61)
at org.apache.poi.ooxml.POIXMLDocumentPart.read(POIXMLDocumentPart.java:660)
at org.apache.poi.ooxml.POIXMLDocument.load(POIXMLDocument.java:165)
at org.apache.poi.xssf.usermodel.XSSFWorkbook.<init>(XSSFWorkbook.java:278)
at org.apache.poi.xssf.usermodel.XSSFWorkbook.<init>(XSSFWorkbook.java:299)
at org.demoWebShop.utilities.ExcelUtility.excelDataReader(ExcelUtility.java:54)
at org.demoWebShop.testscripts.ShoppingCartTest.verifyProductAddedInShoppingCart(ShoppingCartTest.java:24)
at java.base/java.util.ArrayList.forEach(ArrayList.java:1541)
... Removed 31 stack frames]]>
    </failure>
  </testcase> <!-- verifyProductAddedInShoppingCart -->
  <testcase classname="org.demoWebShop.automationCore.Base" name="@BeforeSuite setExtent" time="0.0">
    <ignored/>
  </testcase> <!-- @BeforeSuite setExtent -->
  <testcase classname="org.demoWebShop.automationCore.Base" name="@BeforeSuite setExtent" time="0.0">
    <ignored/>
  </testcase> <!-- @BeforeSuite setExtent -->
  <testcase classname="org.demoWebShop.automationCore.Base" name="@BeforeSuite setExtent" time="0.0">
    <ignored/>
  </testcase> <!-- @BeforeSuite setExtent -->
</testsuite> <!-- MyDemoWebShop Functional Test -->
